<?xml version="1.0" encoding="UTF-8"?>
<!-- Generated by org.testng.reporters.JUnitReportReporter -->
<testsuite hostname="AIPL-PUN-LT166" failures="0" tests="2" name="com.altimetrik.RussianIP.mainTestClass.Hello" time="0.998" errors="0" timestamp="08 Jan 2020 05:41:30 GMT" skipped="0">
  <testcase classname="com.altimetrik.RussianIP.mainTestClass.Hello" name="postHelloSaysXML" time="0.979"/>
  <testcase classname="com.altimetrik.RussianIP.mainTestClass.Hello" name="getBasicAuthenticaiton" time="0.019"/>
</testsuite> <!-- com.altimetrik.RussianIP.mainTestClass.Hello -->
