<?xml version="1.0" encoding="UTF-8"?>
<!-- Generated by org.testng.reporters.JUnitReportReporter -->
<testsuite hostname="AIPL-PUN-LT166" failures="0" tests="4" name="com.altimetrik.RussianIP.mainTestClass.CreateEmployee" time="4.952" errors="0" timestamp="08 Jan 2020 14:36:53 GMT" skipped="0">
  <testcase classname="com.altimetrik.RussianIP.mainTestClass.CreateEmployee" name="postEmployee" time="2.132"/>
  <testcase classname="com.altimetrik.RussianIP.mainTestClass.CreateEmployee" name="postEmployeeWithDupRecord" time="0.919"/>
  <testcase classname="com.altimetrik.RussianIP.mainTestClass.CreateEmployee" name="getEmployeeDetailsByValidId" time="1.028"/>
  <testcase classname="com.altimetrik.RussianIP.mainTestClass.CreateEmployee" name="DeleteEmployee" time="0.873"/>
</testsuite> <!-- com.altimetrik.RussianIP.mainTestClass.CreateEmployee -->
